0 info it worked if it ends with ok
1 verbose cli [ '/home/ubuntu/.nvm/versions/node/v4.5.0/bin/node',
1 verbose cli   '/home/ubuntu/.nvm/versions/node/v4.5.0/bin/npm',
1 verbose cli   'publish' ]
2 info using npm@2.15.9
3 info using node@v4.5.0
4 verbose publish [ '.' ]
5 silly cache add args [ '.', null ]
6 verbose cache add spec .
7 silly cache add parsed spec Result {
7 silly cache add   raw: '.',
7 silly cache add   scope: null,
7 silly cache add   name: null,
7 silly cache add   rawSpec: '.',
7 silly cache add   spec: '/home/ubuntu/workspace/P4_iaas/gitbook-start-iaas-ull-es-josue-nayra',
7 silly cache add   type: 'directory' }
8 verbose addLocalDirectory /home/ubuntu/.npm/gitbook-start-iaas-ull-es-josue-nayra/1.0.8/package.tgz not in flight; packing
9 verbose correctMkdir /home/ubuntu/.npm correctMkdir not in flight; initializing
10 verbose tar pack [ '/home/ubuntu/.npm/gitbook-start-iaas-ull-es-josue-nayra/1.0.8/package.tgz',
10 verbose tar pack   '/home/ubuntu/workspace/P4_iaas/gitbook-start-iaas-ull-es-josue-nayra' ]
11 verbose tarball /home/ubuntu/.npm/gitbook-start-iaas-ull-es-josue-nayra/1.0.8/package.tgz
12 verbose folder /home/ubuntu/workspace/P4_iaas/gitbook-start-iaas-ull-es-josue-nayra
13 info prepublish gitbook-start-iaas-ull-es-josue-nayra@1.0.8
14 verbose addLocalTarball adding from inside cache /home/ubuntu/.npm/gitbook-start-iaas-ull-es-josue-nayra/1.0.8/package.tgz
15 verbose correctMkdir /home/ubuntu/.npm correctMkdir not in flight; initializing
16 silly cache afterAdd gitbook-start-iaas-ull-es-josue-nayra@1.0.8
17 verbose afterAdd /home/ubuntu/.npm/gitbook-start-iaas-ull-es-josue-nayra/1.0.8/package/package.json not in flight; writing
18 verbose correctMkdir /home/ubuntu/.npm correctMkdir not in flight; initializing
19 verbose afterAdd /home/ubuntu/.npm/gitbook-start-iaas-ull-es-josue-nayra/1.0.8/package/package.json written
20 silly publish { name: 'gitbook-start-iaas-ull-es-josue-nayra',
20 silly publish   version: '1.0.8',
20 silly publish   description: 'Plugin that lets users to deploy a gitbook in iaas.ull.es',
20 silly publish   main: 'gitbook-start-iaas-ull-es-josue-nayra.js',
20 silly publish   scripts:
20 silly publish    { start: 'node ./bin/gitbook-start-iaas-ull-es-josue-nayra.js',
20 silly publish      test: 'echo "Error: no test specified" && exit 1' },
20 silly publish   repository:
20 silly publish    { type: 'git',
20 silly publish      url: 'git+https://github.com/ULL-ESIT-SYTW-1617/gitbook-start-iaas-ull-es-josue-nayra.git' },
20 silly publish   contributors:
20 silly publish    [ { name: 'Josue Toledo',
20 silly publish        email: 'alu0100763492@ull.edu.es',
20 silly publish        url: 'www.github.com/JosueTC94' },
20 silly publish      { name: 'Nayra Rodriguez',
20 silly publish        email: 'alu0100406122@ull.edu.es',
20 silly publish        url: 'www.github.com/alu0100406122' } ],
20 silly publish   keywords: [ 'Gitbook', 'deploy', 'iaas' ],
20 silly publish   author: '',
20 silly publish   license: 'ISC',
20 silly publish   bugs: { url: 'https://github.com/ULL-ESIT-SYTW-1617/gitbook-start-iaas-ull-es-josue-nayra/issues' },
20 silly publish   homepage: 'https://github.com/ULL-ESIT-SYTW-1617/gitbook-start-iaas-ull-es-josue-nayra#readme',
20 silly publish   dependencies:
20 silly publish    { gulp: '^3.9.1',
20 silly publish      'gulp-install': '^0.6.0',
20 silly publish      'gulp-shell': '^0.5.2',
20 silly publish      'simple-git': '^1.54.0' },
20 silly publish   readme: '# Práctica 4. Sistemas y Tecnologías Web\n\n## Plugin: gitbook-start-iaas-ull-es-josue-nayra\n\nEl objetivo de esta práctica es extender el package NodeJS publicado en npm en una práctica anterior **gitbook-start-josue-nayra**, con una nueva funcionalidad que permita que los usuarios con conocimientos de NodeJS puedan extender la conducta del ejecutable para que este realice el despliegue en plataformas distintas de las ya consideradas.\n\nEste plugin provee al paquete **gitbook-start-josue-nayra** del mecanismo necesario para realizar el despliegue en los servidores de **iaas-ull-es** de la ULL.\n\n\n### Pasos a seguir\n\n1- Se construye la estructura inicial por **gitbook-start** la jerarquía de directorios conteniendo los scripts y ficheros markdown para el libro\n\n2- Cuando el autor escribe y despliega el libro llamando a gulp. Las llamadas a gulp deploy-... ocurren en esta segunda fase. El despliegue hace un require de los plugins que implementan los despliegues solicitados.\n\n\n### Enlaces\n\n- [Campus virtual](https://campusvirtual.ull.es/1617/course/view.php?id=1175)\n\n- [Descripción de la práctica](https://casianorodriguezleon.gitbooks.io/ull-esit-1617/content/practicas/practicaplugin.html)\n\n- [Publicación del paquete en npm](https://www.npmjs.com/package/gitbook-start-josue-nayra)\n\n- [Repositorio en Github.com](https://github.com/ULL-ESIT-SYTW-1617/nueva-funcionalidad-para-el-paquete-npm-plugins-josue-nayra)\n\n\n\n### Referencias\n\n- [Tutorial para publicar paquetes nodejs](https://casianorodriguezleon.gitbooks.io/ull-esit-1617/content/apuntes/nodejspackages.html)\n\n- [Gulp](https://casianorodriguezleon.gitbooks.io/ull-esit-1617/content/apuntes/gulp/)\n\n- [Uso de templates](https://www.npmjs.com/package/ejs)\n\n- [Fyle System de Nodejs para el manejo de archivos](https://casianorodriguezleon.gitbooks.io/ull-esit-1617/content/apuntes/fs.html)\n\n- [Construyendo package.json](https://docs.npmjs.com/files/package.json)\n\n\n\n### Integrantes\n\n- Josué Toledo Castro\n    [Github personal](www.github.com/JosueTC94)\n- María Nayra Rodríguez Pérez\n    [Github personal](www.github.com/alu0100406122)',
20 silly publish   readmeFilename: 'README.md',
20 silly publish   gitHead: '24cf7c2e657340a09b889e50e926c9e892a5ee38',
20 silly publish   _id: 'gitbook-start-iaas-ull-es-josue-nayra@1.0.8',
20 silly publish   _shasum: 'eec1c27f410f3d8b141806833f4606f155b29023',
20 silly publish   _from: '.' }
21 verbose getPublishConfig undefined
22 silly mapToRegistry name gitbook-start-iaas-ull-es-josue-nayra
23 silly mapToRegistry using default registry
24 silly mapToRegistry registry https://registry.npmjs.org/
25 silly mapToRegistry data Result {
25 silly mapToRegistry   raw: 'gitbook-start-iaas-ull-es-josue-nayra',
25 silly mapToRegistry   scope: null,
25 silly mapToRegistry   name: 'gitbook-start-iaas-ull-es-josue-nayra',
25 silly mapToRegistry   rawSpec: '',
25 silly mapToRegistry   spec: 'latest',
25 silly mapToRegistry   type: 'tag' }
26 silly mapToRegistry uri https://registry.npmjs.org/gitbook-start-iaas-ull-es-josue-nayra
27 verbose publish registryBase https://registry.npmjs.org/
28 silly publish uploading /home/ubuntu/.npm/gitbook-start-iaas-ull-es-josue-nayra/1.0.8/package.tgz
29 verbose request uri https://registry.npmjs.org/gitbook-start-iaas-ull-es-josue-nayra
30 verbose request sending authorization for write operation
31 info attempt registry request try #1 at 9:12:58 PM
32 verbose request using bearer token for auth
33 verbose request id 8b1beb8da65b2b6c
34 http request PUT https://registry.npmjs.org/gitbook-start-iaas-ull-es-josue-nayra
35 http 403 https://registry.npmjs.org/gitbook-start-iaas-ull-es-josue-nayra
36 verbose headers { 'content-type': 'application/json',
36 verbose headers   'cache-control': 'max-age=300',
36 verbose headers   'content-length': '95',
36 verbose headers   'accept-ranges': 'bytes',
36 verbose headers   date: 'Wed, 19 Oct 2016 21:12:59 GMT',
36 verbose headers   via: '1.1 varnish',
36 verbose headers   connection: 'keep-alive',
36 verbose headers   'x-served-by': 'cache-lcy1146-LCY',
36 verbose headers   'x-cache': 'MISS',
36 verbose headers   'x-cache-hits': '0',
36 verbose headers   'x-timer': 'S1476911578.546794,VS0,VE964',
36 verbose headers   vary: 'Accept-Encoding' }
37 verbose request invalidating /home/ubuntu/.npm/registry.npmjs.org/gitbook-start-iaas-ull-es-josue-nayra on PUT
38 error publish Failed PUT 403
39 verbose stack Error: "You cannot publish over the previously published version 1.0.8." : gitbook-start-iaas-ull-es-josue-nayra
39 verbose stack     at makeError (/home/ubuntu/.nvm/versions/node/v4.5.0/lib/node_modules/npm/node_modules/npm-registry-client/lib/request.js:264:12)
39 verbose stack     at CachingRegistryClient.<anonymous> (/home/ubuntu/.nvm/versions/node/v4.5.0/lib/node_modules/npm/node_modules/npm-registry-client/lib/request.js:252:14)
39 verbose stack     at Request._callback (/home/ubuntu/.nvm/versions/node/v4.5.0/lib/node_modules/npm/node_modules/npm-registry-client/lib/request.js:172:14)
39 verbose stack     at Request.self.callback (/home/ubuntu/.nvm/versions/node/v4.5.0/lib/node_modules/npm/node_modules/request/request.js:200:22)
39 verbose stack     at emitTwo (events.js:87:13)
39 verbose stack     at Request.emit (events.js:172:7)
39 verbose stack     at Request.<anonymous> (/home/ubuntu/.nvm/versions/node/v4.5.0/lib/node_modules/npm/node_modules/request/request.js:1067:10)
39 verbose stack     at emitOne (events.js:82:20)
39 verbose stack     at Request.emit (events.js:169:7)
39 verbose stack     at IncomingMessage.<anonymous> (/home/ubuntu/.nvm/versions/node/v4.5.0/lib/node_modules/npm/node_modules/request/request.js:988:12)
40 verbose statusCode 403
41 verbose pkgid gitbook-start-iaas-ull-es-josue-nayra
42 verbose cwd /home/ubuntu/workspace/P4_iaas/gitbook-start-iaas-ull-es-josue-nayra
43 error Linux 4.2.0-c9
44 error argv "/home/ubuntu/.nvm/versions/node/v4.5.0/bin/node" "/home/ubuntu/.nvm/versions/node/v4.5.0/bin/npm" "publish"
45 error node v4.5.0
46 error npm  v2.15.9
47 error code E403
48 error "You cannot publish over the previously published version 1.0.8." : gitbook-start-iaas-ull-es-josue-nayra
49 error If you need help, you may report this error at:
49 error     <https://github.com/npm/npm/issues>
50 verbose exit [ 1, true ]
